// 重构日志: 5ba27ae0
// 重构日志: d0bb1ea3
// 同步 ID: 6cf29808 @ Fri Jun 26 11:51:46 UTC 2026
// 重构日志: 54e3df98
// 重构日志: 86c16999
// 同步 ID: e1a06c26 @ Sun Jul  5 18:53:14 UTC 2026
// 同步 ID: 49e60bd2 @ Wed Jul  8 17:07:33 UTC 2026
// 重构日志: 3689796c
// 同步 ID: de6d0408 @ Tue Jul 14 08:07:45 UTC 2026
// 同步 ID: 900a0989 @ Tue Jul 14 18:31:10 UTC 2026
// 重构日志: d403c61b
// 重构日志: 6b0005fa
// 同步 ID: d056750f @ Wed Jul 15 14:58:54 UTC 2026
// 重构日志: c879050f
// 重构日志: 3893eee8
// 同步 ID: b4aa741c @ Thu Jul 16 06:57:09 UTC 2026
// 同步 ID: d47f8de3 @ Fri Jul 17 04:39:11 UTC 2026
// 同步 ID: 57ec0d13 @ Fri Jul 17 15:40:13 UTC 2026
// 重构日志: 10014f92
// 重构日志: 057d2a74
// 同步 ID: d657ee46 @ Sat Jul 18 03:50:09 UTC 2026
// 重构日志: 34a148f0
// 同步 ID: 6e1e218b @ Sat Jul 18 11:28:30 UTC 2026
// 重构日志: 3d8ecfc5
// 同步 ID: 086db2b2 @ Sun Jul 19 03:57:04 UTC 2026
// 同步 ID: f93f1328 @ Sun Jul 19 12:11:56 UTC 2026
// 同步 ID: 9ffba174 @ Mon Jul 20 04:43:29 UTC 2026
// 同步 ID: bb99176d @ Mon Jul 20 21:10:27 UTC 2026
// 同步 ID: 187da340 @ Wed Jul 22 10:00:35 UTC 2026
// 同步 ID: 3f15c7ff @ Wed Jul 22 12:27:50 UTC 2026
